{"level":"info","msg":"Finish Initializing log","time":"2025-04-22T23:23:58+08:00"}
{"level":"info","msg":"finish initializing config","time":"2025-04-22T23:23:58+08:00"}
{"level":"info","msg":"Finish initializing redis","time":"2025-04-22T23:23:58+08:00"}
{"level":"info","msg":"Finish initializing postgres","time":"2025-04-22T23:23:59+08:00"}
{"level":"info","msg":"Finish Initializing log","time":"2025-04-22T23:29:34+08:00"}
{"level":"info","msg":"finish initializing config","time":"2025-04-22T23:29:34+08:00"}
{"level":"info","msg":"Finish initializing redis","time":"2025-04-22T23:29:34+08:00"}
{"level":"info","msg":"Finish initializing postgres","time":"2025-04-22T23:29:35+08:00"}
{"level":"info","msg":"Finish Initializing log","time":"2025-04-22T23:31:39+08:00"}
{"level":"info","msg":"finish initializing config","time":"2025-04-22T23:31:39+08:00"}
{"level":"info","msg":"Finish initializing redis","time":"2025-04-22T23:31:39+08:00"}
{"level":"info","msg":"Finish initializing postgres","time":"2025-04-22T23:31:39+08:00"}
{"level":"info","msg":"Finish Initializing log","time":"2025-04-22T23:33:29+08:00"}
{"level":"info","msg":"finish initializing config","time":"2025-04-22T23:33:29+08:00"}
{"level":"info","msg":"Finish initializing redis","time":"2025-04-22T23:33:29+08:00"}
{"level":"info","msg":"Finish initializing postgres","time":"2025-04-22T23:33:29+08:00"}
{"level":"info","msg":"Finish Initializing log","time":"2025-04-22T23:35:12+08:00"}
{"level":"info","msg":"finish initializing config","time":"2025-04-22T23:35:12+08:00"}
{"level":"info","msg":"Finish initializing redis","time":"2025-04-22T23:35:12+08:00"}
{"level":"info","msg":"Finish initializing postgres","time":"2025-04-22T23:35:13+08:00"}
{"level":"error","msg":"Fail to send email,error:redis: nil","time":"2025-04-22T23:36:55+08:00"}
